<?xml version="1.0" encoding="UTF-8"?>
<!-- Generated by org.testng.reporters.JUnitXMLReporter -->
<testsuite ignored="0" hostname="ShloksPC" failures="1" tests="6" name="SeliniumFullSuite" time="26.564" errors="0" timestamp="2026-04-16T23:05:32 IST">
  <testcase classname="SampleTest" name="sampleTest" time="0.004"/>
  <testcase classname="LoginTest" name="shouldLoginAsAdmin" time="7.52"/>
  <testcase classname="RegisterTest" name="shouldRegisterNewUser" time="1.502"/>
  <testcase classname="MealsTest" name="shouldFilterAndAddMealWhenAvailable" time="7.748"/>
  <testcase classname="DashboardTest" name="shouldBrowseMealsAndLogoutFromDashboard" time="1.623"/>
  <testcase classname="AdminMealsTest" name="shouldCreateAndDeleteMealFromAdminPage" time="8.136">
    <failure type="org.openqa.selenium.ElementClickInterceptedException" message="element click intercepted: Element &amp;lt;button id=&amp;quot;btn-create-meal&amp;quot; type=&amp;quot;button&amp;quot; class=&amp;quot;btn btn-primary&amp;quot;&amp;gt;...&amp;lt;/button&amp;gt; is not clickable at point (104, 18). Other element would receive the click: &amp;lt;span&amp;gt;...&amp;lt;/span&amp;gt;
  (Session info: chrome=147.0.7727.56)
Build info: version: &amp;apos;4.40.0&amp;apos;, revision: &amp;apos;b3333f1&amp;apos;
System info: os.name: &amp;apos;Windows 11&amp;apos;, os.arch: &amp;apos;amd64&amp;apos;, os.version: &amp;apos;10.0&amp;apos;, java.version: &amp;apos;25.0.2&amp;apos;
Driver info: org.openqa.selenium.chrome.ChromeDriver
Command: [21dbe239304158d1f6e4460d62023a0d, clickElement {id=f.6DF04E58C607045699E83CE56F5B4108.d.C47066EDA085374599B67DE017E949AB.e.35}]
Capabilities {acceptInsecureCerts: false, browserName: chrome, browserVersion: 147.0.7727.56, chrome: {chromedriverVersion: 147.0.7727.57 (b4f28b5637d0..., userDataDir: C:\Users\shlok\AppData\Loca...}, fedcm:accounts: true, goog:chromeOptions: {debuggerAddress: localhost:56034}, goog:processID: 3012, networkConnectionEnabled: false, pageLoadStrategy: normal, platformName: windows, proxy: Proxy(), se:cdp: ws://localhost:56034/devtoo..., se:cdpVersion: 147.0.7727.56, setWindowRect: true, strictFileInteractability: false, timeouts: {implicit: 0, pageLoad: 300000, script: 30000}, unhandledPromptBehavior: dismiss and notify, webauthn:extension:credBlob: true, webauthn:extension:largeBlob: true, webauthn:extension:minPinLength: true, webauthn:extension:prf: true, webauthn:virtualAuthenticators: true}
Element: [[ChromeDriver: chrome on windows (21dbe239304158d1f6e4460d62023a0d)] -&amp;gt; id: btn-create-meal]
Session ID: 21dbe239304158d1f6e4460d62023a0d">
      <![CDATA[org.openqa.selenium.ElementClickInterceptedException: element click intercepted: Element <button id="btn-create-meal" type="button" class="btn btn-primary">...</button> is not clickable at point (104, 18). Other element would receive the click: <span>...</span>
  (Session info: chrome=147.0.7727.56)
Build info: version: '4.40.0', revision: 'b3333f1'
System info: os.name: 'Windows 11', os.arch: 'amd64', os.version: '10.0', java.version: '25.0.2'
Driver info: org.openqa.selenium.chrome.ChromeDriver
Command: [21dbe239304158d1f6e4460d62023a0d, clickElement {id=f.6DF04E58C607045699E83CE56F5B4108.d.C47066EDA085374599B67DE017E949AB.e.35}]
Capabilities {acceptInsecureCerts: false, browserName: chrome, browserVersion: 147.0.7727.56, chrome: {chromedriverVersion: 147.0.7727.57 (b4f28b5637d0..., userDataDir: C:\Users\shlok\AppData\Loca...}, fedcm:accounts: true, goog:chromeOptions: {debuggerAddress: localhost:56034}, goog:processID: 3012, networkConnectionEnabled: false, pageLoadStrategy: normal, platformName: windows, proxy: Proxy(), se:cdp: ws://localhost:56034/devtoo..., se:cdpVersion: 147.0.7727.56, setWindowRect: true, strictFileInteractability: false, timeouts: {implicit: 0, pageLoad: 300000, script: 30000}, unhandledPromptBehavior: dismiss and notify, webauthn:extension:credBlob: true, webauthn:extension:largeBlob: true, webauthn:extension:minPinLength: true, webauthn:extension:prf: true, webauthn:virtualAuthenticators: true}
Element: [[ChromeDriver: chrome on windows (21dbe239304158d1f6e4460d62023a0d)] -> id: btn-create-meal]
Session ID: 21dbe239304158d1f6e4460d62023a0d
at org.openqa.selenium.remote.ErrorCodec.decode(ErrorCodec.java:169)
at org.openqa.selenium.remote.codec.w3c.W3CHttpResponseCodec.decode(W3CHttpResponseCodec.java:142)
at org.openqa.selenium.remote.codec.w3c.W3CHttpResponseCodec.decode(W3CHttpResponseCodec.java:49)
at org.openqa.selenium.remote.HttpCommandExecutor.execute(HttpCommandExecutor.java:223)
at org.openqa.selenium.remote.service.DriverCommandExecutor.invokeExecute(DriverCommandExecutor.java:216)
at org.openqa.selenium.remote.service.DriverCommandExecutor.execute(DriverCommandExecutor.java:174)
at org.openqa.selenium.remote.RemoteWebDriver.execute(RemoteWebDriver.java:601)
at org.openqa.selenium.remote.RemoteWebElement.execute(RemoteWebElement.java:223)
at org.openqa.selenium.remote.RemoteWebElement.click(RemoteWebElement.java:76)
at AdminMealsTest.shouldCreateAndDeleteMealFromAdminPage(AdminMealsTest.java:27)
at java.base/java.util.ArrayList.forEach(ArrayList.java:1604)
at AllTests.main(AllTests.java:25)
... Removed 22 stack frames]]>
    </failure>
  </testcase> <!-- shouldCreateAndDeleteMealFromAdminPage -->
</testsuite> <!-- SeliniumFullSuite -->
